<?xml version="1.0" encoding="UTF-8"?>
<testng-results skipped="0" failed="0" ignored="0" total="2" passed="2">
  <reporter-output>
  </reporter-output>
  <suite name="Default suite" duration-ms="33679" started-at="2020-04-10T01:26:00 IST" finished-at="2020-04-10T01:26:33 IST">
    <groups>
    </groups>
    <test name="Default test" duration-ms="33679" started-at="2020-04-10T01:26:00 IST" finished-at="2020-04-10T01:26:33 IST">
      <class name="com.qa.test.Exercise1">
        <test-method status="PASS" signature="setUp()[pri:0, instance:com.qa.test.Exercise1@56a6d5a6]" name="setUp" is-config="true" duration-ms="17371" started-at="2020-04-10T01:26:00 IST" finished-at="2020-04-10T01:26:17 IST">
          <reporter-output>
          </reporter-output>
        </test-method> <!-- setUp -->
        <test-method status="PASS" signature="searchValidataion()[pri:1, instance:com.qa.test.Exercise1@56a6d5a6]" name="searchValidataion" duration-ms="15521" started-at="2020-04-10T01:26:17 IST" finished-at="2020-04-10T01:26:33 IST">
          <reporter-output>
          </reporter-output>
        </test-method> <!-- searchValidataion -->
        <test-method status="PASS" signature="pageValidation()[pri:2, instance:com.qa.test.Exercise1@56a6d5a6]" name="pageValidation" duration-ms="45" started-at="2020-04-10T01:26:33 IST" finished-at="2020-04-10T01:26:33 IST">
          <reporter-output>
          </reporter-output>
        </test-method> <!-- pageValidation -->
        <test-method status="PASS" signature="tearDown()[pri:0, instance:com.qa.test.Exercise1@56a6d5a6]" name="tearDown" is-config="true" duration-ms="1" started-at="2020-04-10T01:26:33 IST" finished-at="2020-04-10T01:26:33 IST">
          <reporter-output>
          </reporter-output>
        </test-method> <!-- tearDown -->
      </class> <!-- com.qa.test.Exercise1 -->
    </test> <!-- Default test -->
  </suite> <!-- Default suite -->
</testng-results>
