<?xml version="1.0" encoding="UTF-8"?>
<!-- Generated by org.testng.reporters.JUnitXMLReporter -->
<testsuite hostname="LAPTOP-04MOMSC6" ignored="0" name="Device-1" tests="1" failures="0" timestamp="2020-04-18T17:19:55 IST" time="2.21" errors="0">
  <testcase name="@BeforeClass setUp" time="1.739" classname="com.qa.test.test2">
    <failure type="io.appium.java_client.service.local.AppiumServerHasNotBeenStartedLocallyException" message="The local appium server has not been started. The given Node.js executable: E:\Program Files\nodejs\node.exe Arguments: [C:\Users\prawi\AppData\Roaming\npm\node_modules\appium\build\lib\main.js, --port, 4723, --address, 0.0.0.0] 
">
      <![CDATA[io.appium.java_client.service.local.AppiumServerHasNotBeenStartedLocallyException: The local appium server has not been started. The given Node.js executable: E:\Program Files\nodejs\node.exe Arguments: [C:\Users\prawi\AppData\Roaming\npm\node_modules\appium\build\lib\main.js, --port, 4723, --address, 0.0.0.0] 

at io.appium.java_client.service.local.AppiumDriverLocalService.start(AppiumDriverLocalService.java:161)
at com.qa.test.test2.setUp(test2.java:33)
at java.util.ArrayList.forEach(ArrayList.java:1257)
Caused by: java.lang.NoSuchMethodError: com.google.common.util.concurrent.SimpleTimeLimiter.create(Ljava/util/concurrent/ExecutorService;)Lcom/google/common/util/concurrent/SimpleTimeLimiter;
at org.openqa.selenium.net.UrlChecker.<init>(UrlChecker.java:62)
at io.appium.java_client.service.local.AppiumDriverLocalService.ping(AppiumDriverLocalService.java:125)
at io.appium.java_client.service.local.AppiumDriverLocalService.start(AppiumDriverLocalService.java:148)
... 27 more
... Removed 25 stack frames]]>
    </failure>
  </testcase> <!-- @BeforeClass setUp -->
  <testcase name="@AfterClass tearDown" time="-1.587210595726E9" classname="com.qa.test.test2">
    <skipped/>
  </testcase> <!-- @AfterClass tearDown -->
  <testcase name="main_page" time="0.0" classname="com.qa.test.test2">
    <skipped/>
  </testcase> <!-- main_page -->
</testsuite> <!-- Device-1 -->
