<?xml version="1.0" encoding="UTF-8"?>
<!-- Generated by org.testng.reporters.JUnitXMLReporter -->
<testsuite hostname="LAPTOP-04MOMSC6" ignored="0" name="Device-1" tests="1" failures="1" timestamp="18 Apr 2020 15:29:40 GMT" time="41.879" errors="0">
  <testcase name="main_page" time="15.682" classname="com.qa.test.test2">
    <failure type="org.openqa.selenium.NoSuchElementException" message="An element could not be located on the page using the given search parameters. (WARNING: The server did not provide any stacktrace information)
Command duration or timeout: 0 milliseconds
For documentation on this error, please visit: https://www.seleniumhq.org/exceptions/no_such_element.html
Build info: version: &amp;apos;3.141.59&amp;apos;, revision: &amp;apos;e82be7d358&amp;apos;, time: &amp;apos;2018-11-14T08:17:03&amp;apos;
System info: host: &amp;apos;LAPTOP-04MOMSC6&amp;apos;, ip: &amp;apos;192.168.56.1&amp;apos;, os.name: &amp;apos;Windows 10&amp;apos;, os.arch: &amp;apos;amd64&amp;apos;, os.version: &amp;apos;10.0&amp;apos;, java.version: &amp;apos;1.8.0_201&amp;apos;
Driver info: io.appium.java_client.android.AndroidDriver
Capabilities {VERSION: 8.0, appActivity: com.rahul.videoderbeta.appi..., appPackage: com.rahul.videoderbeta, databaseEnabled: false, desired: {VERSION: 8.0, appActivity: com.rahul.videoderbeta.appi..., appPackage: com.rahul.videoderbeta, deviceName: c1cbd64c, noReset: true, platformName: Android}, deviceApiLevel: 26, deviceManufacturer: SONY, deviceModel: G2299, deviceName: c1cbd64c, deviceScreenDensity: 320, deviceScreenSize: 720x1280, deviceUDID: c1cbd64c, javascriptEnabled: true, locationContextEnabled: false, networkConnectionEnabled: true, noReset: true, pixelRatio: 2, platform: LINUX, platformName: Android, platformVersion: 8.0.0, statBarHeight: 48, takesScreenshot: true, viewportRect: {height: 1136, left: 0, top: 48, width: 720}, warnings: {}, webStorageEnabled: false}
Session ID: b2f59403-6f03-4e5b-8e45-59d7dab5db0a
*** Element info: {Using=xpath, value=//android.widget.TextView[@text=&amp;apos;Search or Enter URL&amp;apos;]}">
      <![CDATA[org.openqa.selenium.NoSuchElementException: An element could not be located on the page using the given search parameters. (WARNING: The server did not provide any stacktrace information)
Command duration or timeout: 0 milliseconds
For documentation on this error, please visit: https://www.seleniumhq.org/exceptions/no_such_element.html
Build info: version: '3.141.59', revision: 'e82be7d358', time: '2018-11-14T08:17:03'
System info: host: 'LAPTOP-04MOMSC6', ip: '192.168.56.1', os.name: 'Windows 10', os.arch: 'amd64', os.version: '10.0', java.version: '1.8.0_201'
Driver info: io.appium.java_client.android.AndroidDriver
Capabilities {VERSION: 8.0, appActivity: com.rahul.videoderbeta.appi..., appPackage: com.rahul.videoderbeta, databaseEnabled: false, desired: {VERSION: 8.0, appActivity: com.rahul.videoderbeta.appi..., appPackage: com.rahul.videoderbeta, deviceName: c1cbd64c, noReset: true, platformName: Android}, deviceApiLevel: 26, deviceManufacturer: SONY, deviceModel: G2299, deviceName: c1cbd64c, deviceScreenDensity: 320, deviceScreenSize: 720x1280, deviceUDID: c1cbd64c, javascriptEnabled: true, locationContextEnabled: false, networkConnectionEnabled: true, noReset: true, pixelRatio: 2, platform: LINUX, platformName: Android, platformVersion: 8.0.0, statBarHeight: 48, takesScreenshot: true, viewportRect: {height: 1136, left: 0, top: 48, width: 720}, warnings: {}, webStorageEnabled: false}
Session ID: b2f59403-6f03-4e5b-8e45-59d7dab5db0a
*** Element info: {Using=xpath, value=//android.widget.TextView[@text='Search or Enter URL']}
at org.openqa.selenium.remote.ErrorHandler.createThrowable(ErrorHandler.java:214)
at org.openqa.selenium.remote.ErrorHandler.throwIfResponseFailed(ErrorHandler.java:166)
at org.openqa.selenium.remote.http.JsonHttpResponseCodec.reconstructValue(JsonHttpResponseCodec.java:40)
at org.openqa.selenium.remote.http.AbstractHttpResponseCodec.decode(AbstractHttpResponseCodec.java:80)
at org.openqa.selenium.remote.http.AbstractHttpResponseCodec.decode(AbstractHttpResponseCodec.java:44)
at org.openqa.selenium.remote.HttpCommandExecutor.execute(HttpCommandExecutor.java:158)
at io.appium.java_client.remote.AppiumCommandExecutor.execute(AppiumCommandExecutor.java:239)
at org.openqa.selenium.remote.RemoteWebDriver.execute(RemoteWebDriver.java:552)
at io.appium.java_client.DefaultGenericMobileDriver.execute(DefaultGenericMobileDriver.java:41)
at io.appium.java_client.AppiumDriver.execute(AppiumDriver.java:1)
at io.appium.java_client.android.AndroidDriver.execute(AndroidDriver.java:1)
at org.openqa.selenium.remote.RemoteWebDriver.findElement(RemoteWebDriver.java:323)
at io.appium.java_client.DefaultGenericMobileDriver.findElement(DefaultGenericMobileDriver.java:61)
at io.appium.java_client.AppiumDriver.findElement(AppiumDriver.java:1)
at io.appium.java_client.android.AndroidDriver.findElement(AndroidDriver.java:1)
at org.openqa.selenium.remote.RemoteWebDriver.findElementByXPath(RemoteWebDriver.java:428)
at io.appium.java_client.DefaultGenericMobileDriver.findElementByXPath(DefaultGenericMobileDriver.java:151)
at io.appium.java_client.AppiumDriver.findElementByXPath(AppiumDriver.java:1)
at io.appium.java_client.android.AndroidDriver.findElementByXPath(AndroidDriver.java:1)
at org.openqa.selenium.By$ByXPath.findElement(By.java:353)
at org.openqa.selenium.remote.RemoteWebDriver.findElement(RemoteWebDriver.java:315)
at io.appium.java_client.DefaultGenericMobileDriver.findElement(DefaultGenericMobileDriver.java:57)
at io.appium.java_client.AppiumDriver.findElement(AppiumDriver.java:1)
at io.appium.java_client.android.AndroidDriver.findElement(AndroidDriver.java:1)
at com.qa.test.test2.main_page(test2.java:52)
... Removed 33 stack frames]]>
    </failure>
  </testcase> <!-- main_page -->
</testsuite> <!-- Device-1 -->
